Started GET "/" for 192.168.160.1 at 2021-02-09 21:43:18 +0000
Cannot render console from 192.168.160.1! Allowed networks: 127.0.0.1, ::1, 127.0.0.0/127.255.255.255
  
ActiveRecord::NoDatabaseError (FATAL:  database "rails_development" does not exist
):
  
activerecord (5.2.3) lib/active_record/connection_adapters/postgresql_adapter.rb:696:in `rescue in connect'
activerecord (5.2.3) lib/active_record/connection_adapters/postgresql_adapter.rb:691:in `connect'
activerecord (5.2.3) lib/active_record/connection_adapters/postgresql_adapter.rb:223:in `initialize'
activerecord (5.2.3) lib/active_record/connection_adapters/postgresql_adapter.rb:48:in `new'
activerecord (5.2.3) lib/active_record/connection_adapters/postgresql_adapter.rb:48:in `postgresql_connection'
activerecord (5.2.3) lib/active_record/connection_adapters/abstract/connection_pool.rb:811:in `new_connection'
activerecord (5.2.3) lib/active_record/connection_adapters/abstract/connection_pool.rb:855:in `checkout_new_connection'
activerecord (5.2.3) lib/active_record/connection_adapters/abstract/connection_pool.rb:834:in `try_to_checkout_new_connection'
activerecord (5.2.3) lib/active_record/connection_adapters/abstract/connection_pool.rb:795:in `acquire_connection'
activerecord (5.2.3) lib/active_record/connection_adapters/abstract/connection_pool.rb:523:in `checkout'
activerecord (5.2.3) lib/active_record/connection_adapters/abstract/connection_pool.rb:382:in `connection'
activerecord (5.2.3) lib/active_record/connection_adapters/abstract/connection_pool.rb:1014:in `retrieve_connection'
activerecord (5.2.3) lib/active_record/connection_handling.rb:118:in `retrieve_connection'
activerecord (5.2.3) lib/active_record/connection_handling.rb:90:in `connection'
activerecord (5.2.3) lib/active_record/migration.rb:554:in `call'
actionpack (5.2.3) lib/action_dispatch/middleware/callbacks.rb:28:in `block in call'
activesupport (5.2.3) lib/active_support/callbacks.rb:98:in `run_callbacks'
actionpack (5.2.3) lib/action_dispatch/middleware/callbacks.rb:26:in `call'
actionpack (5.2.3) lib/action_dispatch/middleware/executor.rb:14:in `call'
actionpack (5.2.3) lib/action_dispatch/middleware/debug_exceptions.rb:61:in `call'
web-console (3.7.0) lib/web_console/middleware.rb:135:in `call_app'
web-console (3.7.0) lib/web_console/middleware.rb:22:in `block in call'
web-console (3.7.0) lib/web_console/middleware.rb:20:in `catch'
web-console (3.7.0) lib/web_console/middleware.rb:20:in `call'
actionpack (5.2.3) lib/action_dispatch/middleware/show_exceptions.rb:33:in `call'
railties (5.2.3) lib/rails/rack/logger.rb:38:in `call_app'
railties (5.2.3) lib/rails/rack/logger.rb:26:in `block in call'
activesupport (5.2.3) lib/active_support/tagged_logging.rb:71:in `block in tagged'
activesupport (5.2.3) lib/active_support/tagged_logging.rb:28:in `tagged'
activesupport (5.2.3) lib/active_support/tagged_logging.rb:71:in `tagged'
railties (5.2.3) lib/rails/rack/logger.rb:26:in `call'
sprockets-rails (3.2.1) lib/sprockets/rails/quiet_assets.rb:13:in `call'
actionpack (5.2.3) lib/action_dispatch/middleware/remote_ip.rb:81:in `call'
actionpack (5.2.3) lib/action_dispatch/middleware/request_id.rb:27:in `call'
rack (2.0.8) lib/rack/method_override.rb:22:in `call'
rack (2.0.8) lib/rack/runtime.rb:22:in `call'
activesupport (5.2.3) lib/active_support/cache/strategy/local_cache_middleware.rb:29:in `call'
actionpack (5.2.3) lib/action_dispatch/middleware/executor.rb:14:in `call'
actionpack (5.2.3) lib/action_dispatch/middleware/static.rb:127:in `call'
rack (2.0.8) lib/rack/sendfile.rb:111:in `call'
webpacker (4.0.7) lib/webpacker/dev_server_proxy.rb:29:in `perform_request'
rack-proxy (0.6.5) lib/rack/proxy.rb:57:in `call'
railties (5.2.3) lib/rails/engine.rb:524:in `call'
puma (3.12.2) lib/puma/configuration.rb:227:in `call'
puma (3.12.2) lib/puma/server.rb:674:in `handle_request'
puma (3.12.2) lib/puma/server.rb:476:in `process_client'
puma (3.12.2) lib/puma/server.rb:334:in `block in run'
puma (3.12.2) lib/puma/thread_pool.rb:135:in `block in spawn_thread'
Started GET "/" for 192.168.160.1 at 2021-02-09 21:43:56 +0000
Cannot render console from 192.168.160.1! Allowed networks: 127.0.0.1, ::1, 127.0.0.0/127.255.255.255
  
ActiveRecord::NoDatabaseError (FATAL:  database "rails_development" does not exist
):
  
activerecord (5.2.3) lib/active_record/connection_adapters/postgresql_adapter.rb:696:in `rescue in connect'
activerecord (5.2.3) lib/active_record/connection_adapters/postgresql_adapter.rb:691:in `connect'
activerecord (5.2.3) lib/active_record/connection_adapters/postgresql_adapter.rb:223:in `initialize'
activerecord (5.2.3) lib/active_record/connection_adapters/postgresql_adapter.rb:48:in `new'
activerecord (5.2.3) lib/active_record/connection_adapters/postgresql_adapter.rb:48:in `postgresql_connection'
activerecord (5.2.3) lib/active_record/connection_adapters/abstract/connection_pool.rb:811:in `new_connection'
activerecord (5.2.3) lib/active_record/connection_adapters/abstract/connection_pool.rb:855:in `checkout_new_connection'
activerecord (5.2.3) lib/active_record/connection_adapters/abstract/connection_pool.rb:834:in `try_to_checkout_new_connection'
activerecord (5.2.3) lib/active_record/connection_adapters/abstract/connection_pool.rb:795:in `acquire_connection'
activerecord (5.2.3) lib/active_record/connection_adapters/abstract/connection_pool.rb:523:in `checkout'
activerecord (5.2.3) lib/active_record/connection_adapters/abstract/connection_pool.rb:382:in `connection'
activerecord (5.2.3) lib/active_record/connection_adapters/abstract/connection_pool.rb:1014:in `retrieve_connection'
activerecord (5.2.3) lib/active_record/connection_handling.rb:118:in `retrieve_connection'
activerecord (5.2.3) lib/active_record/connection_handling.rb:90:in `connection'
activerecord (5.2.3) lib/active_record/migration.rb:554:in `call'
actionpack (5.2.3) lib/action_dispatch/middleware/callbacks.rb:28:in `block in call'
activesupport (5.2.3) lib/active_support/callbacks.rb:98:in `run_callbacks'
actionpack (5.2.3) lib/action_dispatch/middleware/callbacks.rb:26:in `call'
actionpack (5.2.3) lib/action_dispatch/middleware/executor.rb:14:in `call'
actionpack (5.2.3) lib/action_dispatch/middleware/debug_exceptions.rb:61:in `call'
web-console (3.7.0) lib/web_console/middleware.rb:135:in `call_app'
web-console (3.7.0) lib/web_console/middleware.rb:22:in `block in call'
web-console (3.7.0) lib/web_console/middleware.rb:20:in `catch'
web-console (3.7.0) lib/web_console/middleware.rb:20:in `call'
actionpack (5.2.3) lib/action_dispatch/middleware/show_exceptions.rb:33:in `call'
railties (5.2.3) lib/rails/rack/logger.rb:38:in `call_app'
railties (5.2.3) lib/rails/rack/logger.rb:26:in `block in call'
activesupport (5.2.3) lib/active_support/tagged_logging.rb:71:in `block in tagged'
activesupport (5.2.3) lib/active_support/tagged_logging.rb:28:in `tagged'
activesupport (5.2.3) lib/active_support/tagged_logging.rb:71:in `tagged'
railties (5.2.3) lib/rails/rack/logger.rb:26:in `call'
sprockets-rails (3.2.1) lib/sprockets/rails/quiet_assets.rb:13:in `call'
actionpack (5.2.3) lib/action_dispatch/middleware/remote_ip.rb:81:in `call'
actionpack (5.2.3) lib/action_dispatch/middleware/request_id.rb:27:in `call'
rack (2.0.8) lib/rack/method_override.rb:22:in `call'
rack (2.0.8) lib/rack/runtime.rb:22:in `call'
activesupport (5.2.3) lib/active_support/cache/strategy/local_cache_middleware.rb:29:in `call'
actionpack (5.2.3) lib/action_dispatch/middleware/executor.rb:14:in `call'
actionpack (5.2.3) lib/action_dispatch/middleware/static.rb:127:in `call'
rack (2.0.8) lib/rack/sendfile.rb:111:in `call'
webpacker (4.0.7) lib/webpacker/dev_server_proxy.rb:29:in `perform_request'
rack-proxy (0.6.5) lib/rack/proxy.rb:57:in `call'
railties (5.2.3) lib/rails/engine.rb:524:in `call'
puma (3.12.2) lib/puma/configuration.rb:227:in `call'
puma (3.12.2) lib/puma/server.rb:674:in `handle_request'
puma (3.12.2) lib/puma/server.rb:476:in `process_client'
puma (3.12.2) lib/puma/server.rb:334:in `block in run'
puma (3.12.2) lib/puma/thread_pool.rb:135:in `block in spawn_thread'
  [1m[35m (186.4ms)[0m  [1m[35mCREATE DATABASE "rails_development" ENCODING = 'unicode'[0m
  ↳ /usr/local/bundle/bin/rake:23
  [1m[35m (0.6ms)[0m  [1m[35mCREATE DATABASE "rails_development" ENCODING = 'unicode'[0m
  ↳ /usr/local/bundle/bin/rake:23
  [1m[35m (0.4ms)[0m  [1m[35mDROP TABLE IF EXISTS "endangereds" CASCADE[0m
  ↳ db/schema.rb:15
  [1m[35m (9.8ms)[0m  [1m[35mCREATE TABLE "endangereds" ("id" bigserial primary key, "name" character varying, "iucn" character varying, "created_at" timestamp NOT NULL, "updated_at" timestamp NOT NULL)[0m
  ↳ db/schema.rb:15
  [1m[35m (0.6ms)[0m  [1m[35mDROP TABLE IF EXISTS "posts" CASCADE[0m
  ↳ db/schema.rb:22
  [1m[35m (5.4ms)[0m  [1m[35mCREATE TABLE "posts" ("id" bigserial primary key, "body" text, "shark_id" integer, "created_at" timestamp NOT NULL, "updated_at" timestamp NOT NULL)[0m
  ↳ db/schema.rb:22
  [1m[35m (4.3ms)[0m  [1m[35mCREATE  INDEX  "index_posts_on_shark_id" ON "posts"  ("shark_id")[0m
  ↳ db/schema.rb:22
  [1m[35m (0.5ms)[0m  [1m[35mDROP TABLE IF EXISTS "sharks" CASCADE[0m
  ↳ db/schema.rb:30
  [1m[35m (6.5ms)[0m  [1m[35mCREATE TABLE "sharks" ("id" bigserial primary key, "name" character varying, "facts" text, "created_at" timestamp NOT NULL, "updated_at" timestamp NOT NULL)[0m
  ↳ db/schema.rb:30
  [1m[35m (4.5ms)[0m  [1m[35mCREATE TABLE "schema_migrations" ("version" character varying NOT NULL PRIMARY KEY)[0m
  ↳ db/schema.rb:13
  [1m[35m (0.6ms)[0m  [1m[34mSELECT "schema_migrations"."version" FROM "schema_migrations" ORDER BY "schema_migrations"."version" ASC[0m
  ↳ db/schema.rb:13
  [1m[35m (1.2ms)[0m  [1m[32mINSERT INTO "schema_migrations" (version) VALUES (20191120132043)[0m
  ↳ db/schema.rb:13
  [1m[35m (1.0ms)[0m  [1m[32mINSERT INTO "schema_migrations" (version) VALUES
(20190927142853),
(20190927143639);

[0m
  ↳ db/schema.rb:13
  [1m[35m (7.2ms)[0m  [1m[35mCREATE TABLE "ar_internal_metadata" ("key" character varying NOT NULL PRIMARY KEY, "value" character varying, "created_at" timestamp NOT NULL, "updated_at" timestamp NOT NULL)[0m
  ↳ db/schema.rb:13
  [1m[36mActiveRecord::InternalMetadata Load (1.5ms)[0m  [1m[34mSELECT  "ar_internal_metadata".* FROM "ar_internal_metadata" WHERE "ar_internal_metadata"."key" = $1 LIMIT $2[0m  [["key", "environment"], ["LIMIT", 1]]
  ↳ db/schema.rb:13
  [1m[35m (0.5ms)[0m  [1m[35mBEGIN[0m
  ↳ db/schema.rb:13
  [1m[36mActiveRecord::InternalMetadata Create (0.6ms)[0m  [1m[32mINSERT INTO "ar_internal_metadata" ("key", "value", "created_at", "updated_at") VALUES ($1, $2, $3, $4) RETURNING "key"[0m  [["key", "environment"], ["value", "development"], ["created_at", "2021-02-09 21:56:10.412281"], ["updated_at", "2021-02-09 21:56:10.412281"]]
  ↳ db/schema.rb:13
  [1m[35m (1.0ms)[0m  [1m[35mCOMMIT[0m
  ↳ db/schema.rb:13
  [1m[36mActiveRecord::InternalMetadata Load (0.4ms)[0m  [1m[34mSELECT  "ar_internal_metadata".* FROM "ar_internal_metadata" WHERE "ar_internal_metadata"."key" = $1 LIMIT $2[0m  [["key", "environment"], ["LIMIT", 1]]
  ↳ /usr/local/bundle/bin/rake:23
  [1m[35m (0.3ms)[0m  [1m[35mBEGIN[0m
  ↳ /usr/local/bundle/bin/rake:23
  [1m[35m (0.3ms)[0m  [1m[35mCOMMIT[0m
  ↳ /usr/local/bundle/bin/rake:23
  [1m[35m (2.2ms)[0m  [1m[35mDROP TABLE IF EXISTS "endangereds" CASCADE[0m
  ↳ db/schema.rb:15
  [1m[35m (5.5ms)[0m  [1m[35mCREATE TABLE "endangereds" ("id" bigserial primary key, "name" character varying, "iucn" character varying, "created_at" timestamp NOT NULL, "updated_at" timestamp NOT NULL)[0m
  ↳ db/schema.rb:15
  [1m[35m (1.7ms)[0m  [1m[35mDROP TABLE IF EXISTS "posts" CASCADE[0m
  ↳ db/schema.rb:22
  [1m[35m (4.8ms)[0m  [1m[35mCREATE TABLE "posts" ("id" bigserial primary key, "body" text, "shark_id" integer, "created_at" timestamp NOT NULL, "updated_at" timestamp NOT NULL)[0m
  ↳ db/schema.rb:22
  [1m[35m (3.6ms)[0m  [1m[35mCREATE  INDEX  "index_posts_on_shark_id" ON "posts"  ("shark_id")[0m
  ↳ db/schema.rb:22
  [1m[35m (2.1ms)[0m  [1m[35mDROP TABLE IF EXISTS "sharks" CASCADE[0m
  ↳ db/schema.rb:30
  [1m[35m (5.0ms)[0m  [1m[35mCREATE TABLE "sharks" ("id" bigserial primary key, "name" character varying, "facts" text, "created_at" timestamp NOT NULL, "updated_at" timestamp NOT NULL)[0m
  ↳ db/schema.rb:30
  [1m[35m (0.6ms)[0m  [1m[34mSELECT "schema_migrations"."version" FROM "schema_migrations" ORDER BY "schema_migrations"."version" ASC[0m
  ↳ db/schema.rb:13
  [1m[36mActiveRecord::InternalMetadata Load (0.3ms)[0m  [1m[34mSELECT  "ar_internal_metadata".* FROM "ar_internal_metadata" WHERE "ar_internal_metadata"."key" = $1 LIMIT $2[0m  [["key", "environment"], ["LIMIT", 1]]
  ↳ db/schema.rb:13
  [1m[35m (0.2ms)[0m  [1m[35mBEGIN[0m
  ↳ db/schema.rb:13
  [1m[35m (0.2ms)[0m  [1m[35mCOMMIT[0m
  ↳ db/schema.rb:13
  [1m[36mActiveRecord::InternalMetadata Load (0.2ms)[0m  [1m[34mSELECT  "ar_internal_metadata".* FROM "ar_internal_metadata" WHERE "ar_internal_metadata"."key" = $1 LIMIT $2[0m  [["key", "environment"], ["LIMIT", 1]]
  ↳ /usr/local/bundle/bin/rake:23
  [1m[35m (0.2ms)[0m  [1m[35mBEGIN[0m
  ↳ /usr/local/bundle/bin/rake:23
  [1m[36mActiveRecord::InternalMetadata Update (0.3ms)[0m  [1m[33mUPDATE "ar_internal_metadata" SET "value" = $1, "updated_at" = $2 WHERE "ar_internal_metadata"."key" = $3[0m  [["value", "test"], ["updated_at", "2021-02-09 21:56:10.491909"], ["key", "environment"]]
  ↳ /usr/local/bundle/bin/rake:23
  [1m[35m (0.7ms)[0m  [1m[35mCOMMIT[0m
  ↳ /usr/local/bundle/bin/rake:23
  [1m[35m (0.7ms)[0m  [1m[34mSELECT "schema_migrations"."version" FROM "schema_migrations" ORDER BY "schema_migrations"."version" ASC[0m
  ↳ /usr/local/bundle/bin/rake:23
  [1m[35m (0.5ms)[0m  [1m[35mBEGIN[0m
  ↳ db/seeds.rb:10
  [1m[36mShark Exists (0.8ms)[0m  [1m[34mSELECT  1 AS one FROM "sharks" WHERE "sharks"."name" = $1 LIMIT $2[0m  [["name", "Great White"], ["LIMIT", 1]]
  ↳ db/seeds.rb:10
  [1m[36mShark Create (0.7ms)[0m  [1m[32mINSERT INTO "sharks" ("name", "facts", "created_at", "updated_at") VALUES ($1, $2, $3, $4) RETURNING "id"[0m  [["name", "Great White"], ["facts", "Scary"], ["created_at", "2021-02-09 21:56:10.559754"], ["updated_at", "2021-02-09 21:56:10.559754"]]
  ↳ db/seeds.rb:10
  [1m[35m (1.1ms)[0m  [1m[35mCOMMIT[0m
  ↳ db/seeds.rb:10
  [1m[35m (0.3ms)[0m  [1m[35mBEGIN[0m
  ↳ db/seeds.rb:10
  [1m[36mShark Exists (0.5ms)[0m  [1m[34mSELECT  1 AS one FROM "sharks" WHERE "sharks"."name" = $1 LIMIT $2[0m  [["name", "Megalodon"], ["LIMIT", 1]]
  ↳ db/seeds.rb:10
  [1m[36mShark Create (0.7ms)[0m  [1m[32mINSERT INTO "sharks" ("name", "facts", "created_at", "updated_at") VALUES ($1, $2, $3, $4) RETURNING "id"[0m  [["name", "Megalodon"], ["facts", "Ancient"], ["created_at", "2021-02-09 21:56:10.567477"], ["updated_at", "2021-02-09 21:56:10.567477"]]
  ↳ db/seeds.rb:10
  [1m[35m (1.0ms)[0m  [1m[35mCOMMIT[0m
  ↳ db/seeds.rb:10
  [1m[35m (0.3ms)[0m  [1m[35mBEGIN[0m
  ↳ db/seeds.rb:10
  [1m[36mShark Exists (0.4ms)[0m  [1m[34mSELECT  1 AS one FROM "sharks" WHERE "sharks"."name" = $1 LIMIT $2[0m  [["name", "Hammerhead"], ["LIMIT", 1]]
  ↳ db/seeds.rb:10
  [1m[36mShark Create (0.5ms)[0m  [1m[32mINSERT INTO "sharks" ("name", "facts", "created_at", "updated_at") VALUES ($1, $2, $3, $4) RETURNING "id"[0m  [["name", "Hammerhead"], ["facts", "Hammer-like"], ["created_at", "2021-02-09 21:56:10.574256"], ["updated_at", "2021-02-09 21:56:10.574256"]]
  ↳ db/seeds.rb:10
  [1m[35m (0.9ms)[0m  [1m[35mCOMMIT[0m
  ↳ db/seeds.rb:10
  [1m[35m (0.3ms)[0m  [1m[35mBEGIN[0m
  ↳ db/seeds.rb:10
  [1m[36mShark Exists (0.4ms)[0m  [1m[34mSELECT  1 AS one FROM "sharks" WHERE "sharks"."name" = $1 LIMIT $2[0m  [["name", "Speartooth"], ["LIMIT", 1]]
  ↳ db/seeds.rb:10
  [1m[36mShark Create (0.4ms)[0m  [1m[32mINSERT INTO "sharks" ("name", "facts", "created_at", "updated_at") VALUES ($1, $2, $3, $4) RETURNING "id"[0m  [["name", "Speartooth"], ["facts", "Endangered"], ["created_at", "2021-02-09 21:56:10.580609"], ["updated_at", "2021-02-09 21:56:10.580609"]]
  ↳ db/seeds.rb:10
  [1m[35m (0.8ms)[0m  [1m[35mCOMMIT[0m
  ↳ db/seeds.rb:10
  [1m[35m (0.4ms)[0m  [1m[35mBEGIN[0m
  ↳ db/seeds.rb:11
  [1m[36mPost Create (0.8ms)[0m  [1m[32mINSERT INTO "posts" ("body", "shark_id", "created_at", "updated_at") VALUES ($1, $2, $3, $4) RETURNING "id"[0m  [["body", "These sharks are misunderstood"], ["shark_id", 1], ["created_at", "2021-02-09 21:56:10.604929"], ["updated_at", "2021-02-09 21:56:10.604929"]]
  ↳ db/seeds.rb:11
  [1m[35m (0.9ms)[0m  [1m[35mCOMMIT[0m
  ↳ db/seeds.rb:11
  [1m[35m (0.9ms)[0m  [1m[34mSELECT pg_try_advisory_lock(5466295435480968270)[0m
  ↳ /usr/local/bundle/bin/rake:23
  [1m[35m (0.4ms)[0m  [1m[34mSELECT "schema_migrations"."version" FROM "schema_migrations" ORDER BY "schema_migrations"."version" ASC[0m
  ↳ /usr/local/bundle/bin/rake:23
  [1m[36mActiveRecord::InternalMetadata Load (0.4ms)[0m  [1m[34mSELECT  "ar_internal_metadata".* FROM "ar_internal_metadata" WHERE "ar_internal_metadata"."key" = $1 LIMIT $2[0m  [["key", "environment"], ["LIMIT", 1]]
  ↳ /usr/local/bundle/bin/rake:23
  [1m[35m (0.3ms)[0m  [1m[35mBEGIN[0m
  ↳ /usr/local/bundle/bin/rake:23
  [1m[36mActiveRecord::InternalMetadata Update (0.4ms)[0m  [1m[33mUPDATE "ar_internal_metadata" SET "value" = $1, "updated_at" = $2 WHERE "ar_internal_metadata"."key" = $3[0m  [["value", "development"], ["updated_at", "2021-02-09 21:56:10.621785"], ["key", "environment"]]
  ↳ /usr/local/bundle/bin/rake:23
  [1m[35m (0.8ms)[0m  [1m[35mCOMMIT[0m
  ↳ /usr/local/bundle/bin/rake:23
  [1m[35m (0.4ms)[0m  [1m[34mSELECT pg_advisory_unlock(5466295435480968270)[0m
  ↳ /usr/local/bundle/bin/rake:23
  [1m[35m (0.4ms)[0m  [1m[34mSELECT "schema_migrations"."version" FROM "schema_migrations" ORDER BY "schema_migrations"."version" ASC[0m
  ↳ /usr/local/bundle/bin/rake:23
Started GET "/" for 192.168.176.1 at 2021-02-09 21:56:35 +0000
Cannot render console from 192.168.176.1! Allowed networks: 127.0.0.1, ::1, 127.0.0.0/127.255.255.255
  [1m[35m (0.7ms)[0m  [1m[34mSELECT "schema_migrations"."version" FROM "schema_migrations" ORDER BY "schema_migrations"."version" ASC[0m
  ↳ /usr/local/bundle/gems/activerecord-5.2.3/lib/active_record/log_subscriber.rb:98
Processing by HomeController#index as HTML
  Rendering home/index.html.erb within layouts/application
  Rendered home/index.html.erb within layouts/application (1.0ms)
[Webpacker] Compiling…
[Webpacker] Compiled all packs in /app/public/packs
[Webpacker] Browserslist: caniuse-lite is outdated. Please run next command `yarn upgrade`

  Rendered layouts/_navigation.html.erb (0.7ms)
Completed 200 OK in 14444ms (Views: 14416.5ms | ActiveRecord: 0.0ms)


  [1m[35m (114.6ms)[0m  [1m[35mCREATE DATABASE "rails_development" ENCODING = 'unicode'[0m
  ↳ /usr/local/bundle/bin/rake:23
  [1m[35m (0.8ms)[0m  [1m[35mCREATE DATABASE "rails_development" ENCODING = 'unicode'[0m
  ↳ /usr/local/bundle/bin/rake:23
  [1m[35mSQL (0.4ms)[0m  [1m[35mCREATE EXTENSION IF NOT EXISTS "plpgsql"[0m
  ↳ db/schema.rb:16
  [1m[35m (0.4ms)[0m  [1m[35mDROP TABLE IF EXISTS "endangereds" CASCADE[0m
  ↳ db/schema.rb:18
  [1m[35m (8.9ms)[0m  [1m[35mCREATE TABLE "endangereds" ("id" bigserial primary key, "name" character varying, "iucn" character varying, "created_at" timestamp NOT NULL, "updated_at" timestamp NOT NULL)[0m
  ↳ db/schema.rb:18
  [1m[35m (0.5ms)[0m  [1m[35mDROP TABLE IF EXISTS "posts" CASCADE[0m
  ↳ db/schema.rb:25
  [1m[35m (7.0ms)[0m  [1m[35mCREATE TABLE "posts" ("id" bigserial primary key, "body" text, "shark_id" integer, "created_at" timestamp NOT NULL, "updated_at" timestamp NOT NULL)[0m
  ↳ db/schema.rb:25
  [1m[35m (3.1ms)[0m  [1m[35mCREATE  INDEX  "index_posts_on_shark_id" ON "posts"  ("shark_id")[0m
  ↳ db/schema.rb:25
  [1m[35m (0.4ms)[0m  [1m[35mDROP TABLE IF EXISTS "sharks" CASCADE[0m
  ↳ db/schema.rb:33
  [1m[35m (4.8ms)[0m  [1m[35mCREATE TABLE "sharks" ("id" bigserial primary key, "name" character varying, "facts" text, "created_at" timestamp NOT NULL, "updated_at" timestamp NOT NULL)[0m
  ↳ db/schema.rb:33
  [1m[35m (5.9ms)[0m  [1m[35mCREATE TABLE "schema_migrations" ("version" character varying NOT NULL PRIMARY KEY)[0m
  ↳ db/schema.rb:13
  [1m[35m (0.7ms)[0m  [1m[34mSELECT "schema_migrations"."version" FROM "schema_migrations" ORDER BY "schema_migrations"."version" ASC[0m
  ↳ db/schema.rb:13
  [1m[35m (1.7ms)[0m  [1m[32mINSERT INTO "schema_migrations" (version) VALUES (20191120132043)[0m
  ↳ db/schema.rb:13
  [1m[35m (0.8ms)[0m  [1m[32mINSERT INTO "schema_migrations" (version) VALUES
(20190927142853),
(20190927143639);

[0m
  ↳ db/schema.rb:13
  [1m[35m (7.5ms)[0m  [1m[35mCREATE TABLE "ar_internal_metadata" ("key" character varying NOT NULL PRIMARY KEY, "value" character varying, "created_at" timestamp NOT NULL, "updated_at" timestamp NOT NULL)[0m
  ↳ db/schema.rb:13
  [1m[36mActiveRecord::InternalMetadata Load (0.5ms)[0m  [1m[34mSELECT  "ar_internal_metadata".* FROM "ar_internal_metadata" WHERE "ar_internal_metadata"."key" = $1 LIMIT $2[0m  [["key", "environment"], ["LIMIT", 1]]
  ↳ db/schema.rb:13
  [1m[35m (0.4ms)[0m  [1m[35mBEGIN[0m
  ↳ db/schema.rb:13
  [1m[36mActiveRecord::InternalMetadata Create (2.5ms)[0m  [1m[32mINSERT INTO "ar_internal_metadata" ("key", "value", "created_at", "updated_at") VALUES ($1, $2, $3, $4) RETURNING "key"[0m  [["key", "environment"], ["value", "development"], ["created_at", "2021-02-09 22:32:28.914170"], ["updated_at", "2021-02-09 22:32:28.914170"]]
  ↳ db/schema.rb:13
  [1m[35m (1.0ms)[0m  [1m[35mCOMMIT[0m
  ↳ db/schema.rb:13
  [1m[36mActiveRecord::InternalMetadata Load (0.6ms)[0m  [1m[34mSELECT  "ar_internal_metadata".* FROM "ar_internal_metadata" WHERE "ar_internal_metadata"."key" = $1 LIMIT $2[0m  [["key", "environment"], ["LIMIT", 1]]
  ↳ /usr/local/bundle/bin/rake:23
  [1m[35m (0.3ms)[0m  [1m[35mBEGIN[0m
  ↳ /usr/local/bundle/bin/rake:23
  [1m[35m (0.4ms)[0m  [1m[35mCOMMIT[0m
  ↳ /usr/local/bundle/bin/rake:23
  [1m[35mSQL (0.5ms)[0m  [1m[35mCREATE EXTENSION IF NOT EXISTS "plpgsql"[0m
  ↳ db/schema.rb:16
  [1m[35m (2.7ms)[0m  [1m[35mDROP TABLE IF EXISTS "endangereds" CASCADE[0m
  ↳ db/schema.rb:18
  [1m[35m (5.8ms)[0m  [1m[35mCREATE TABLE "endangereds" ("id" bigserial primary key, "name" character varying, "iucn" character varying, "created_at" timestamp NOT NULL, "updated_at" timestamp NOT NULL)[0m
  ↳ db/schema.rb:18
  [1m[35m (1.6ms)[0m  [1m[35mDROP TABLE IF EXISTS "posts" CASCADE[0m
  ↳ db/schema.rb:25
  [1m[35m (5.2ms)[0m  [1m[35mCREATE TABLE "posts" ("id" bigserial primary key, "body" text, "shark_id" integer, "created_at" timestamp NOT NULL, "updated_at" timestamp NOT NULL)[0m
  ↳ db/schema.rb:25
  [1m[35m (3.0ms)[0m  [1m[35mCREATE  INDEX  "index_posts_on_shark_id" ON "posts"  ("shark_id")[0m
  ↳ db/schema.rb:25
  [1m[35m (1.8ms)[0m  [1m[35mDROP TABLE IF EXISTS "sharks" CASCADE[0m
  ↳ db/schema.rb:33
  [1m[35m (5.4ms)[0m  [1m[35mCREATE TABLE "sharks" ("id" bigserial primary key, "name" character varying, "facts" text, "created_at" timestamp NOT NULL, "updated_at" timestamp NOT NULL)[0m
  ↳ db/schema.rb:33
  [1m[35m (0.7ms)[0m  [1m[34mSELECT "schema_migrations"."version" FROM "schema_migrations" ORDER BY "schema_migrations"."version" ASC[0m
  ↳ db/schema.rb:13
  [1m[36mActiveRecord::InternalMetadata Load (0.5ms)[0m  [1m[34mSELECT  "ar_internal_metadata".* FROM "ar_internal_metadata" WHERE "ar_internal_metadata"."key" = $1 LIMIT $2[0m  [["key", "environment"], ["LIMIT", 1]]
  ↳ db/schema.rb:13
  [1m[35m (0.2ms)[0m  [1m[35mBEGIN[0m
  ↳ db/schema.rb:13
  [1m[35m (0.2ms)[0m  [1m[35mCOMMIT[0m
  ↳ db/schema.rb:13
  [1m[36mActiveRecord::InternalMetadata Load (0.4ms)[0m  [1m[34mSELECT  "ar_internal_metadata".* FROM "ar_internal_metadata" WHERE "ar_internal_metadata"."key" = $1 LIMIT $2[0m  [["key", "environment"], ["LIMIT", 1]]
  ↳ /usr/local/bundle/bin/rake:23
  [1m[35m (0.3ms)[0m  [1m[35mBEGIN[0m
  ↳ /usr/local/bundle/bin/rake:23
  [1m[36mActiveRecord::InternalMetadata Update (0.5ms)[0m  [1m[33mUPDATE "ar_internal_metadata" SET "value" = $1, "updated_at" = $2 WHERE "ar_internal_metadata"."key" = $3[0m  [["value", "test"], ["updated_at", "2021-02-09 22:32:29.003022"], ["key", "environment"]]
  ↳ /usr/local/bundle/bin/rake:23
  [1m[35m (0.9ms)[0m  [1m[35mCOMMIT[0m
  ↳ /usr/local/bundle/bin/rake:23
  [1m[35m (0.7ms)[0m  [1m[34mSELECT "schema_migrations"."version" FROM "schema_migrations" ORDER BY "schema_migrations"."version" ASC[0m
  ↳ /usr/local/bundle/bin/rake:23
  [1m[35m (0.4ms)[0m  [1m[35mBEGIN[0m
  ↳ db/seeds.rb:10
  [1m[36mShark Exists (0.6ms)[0m  [1m[34mSELECT  1 AS one FROM "sharks" WHERE "sharks"."name" = $1 LIMIT $2[0m  [["name", "Great White"], ["LIMIT", 1]]
  ↳ db/seeds.rb:10
  [1m[36mShark Create (0.7ms)[0m  [1m[32mINSERT INTO "sharks" ("name", "facts", "created_at", "updated_at") VALUES ($1, $2, $3, $4) RETURNING "id"[0m  [["name", "Great White"], ["facts", "Scary"], ["created_at", "2021-02-09 22:32:29.077091"], ["updated_at", "2021-02-09 22:32:29.077091"]]
  ↳ db/seeds.rb:10
  [1m[35m (1.0ms)[0m  [1m[35mCOMMIT[0m
  ↳ db/seeds.rb:10
  [1m[35m (0.4ms)[0m  [1m[35mBEGIN[0m
  ↳ db/seeds.rb:10
  [1m[36mShark Exists (0.6ms)[0m  [1m[34mSELECT  1 AS one FROM "sharks" WHERE "sharks"."name" = $1 LIMIT $2[0m  [["name", "Megalodon"], ["LIMIT", 1]]
  ↳ db/seeds.rb:10
  [1m[36mShark Create (0.6ms)[0m  [1m[32mINSERT INTO "sharks" ("name", "facts", "created_at", "updated_at") VALUES ($1, $2, $3, $4) RETURNING "id"[0m  [["name", "Megalodon"], ["facts", "Ancient"], ["created_at", "2021-02-09 22:32:29.087670"], ["updated_at", "2021-02-09 22:32:29.087670"]]
  ↳ db/seeds.rb:10
  [1m[35m (0.8ms)[0m  [1m[35mCOMMIT[0m
  ↳ db/seeds.rb:10
  [1m[35m (0.3ms)[0m  [1m[35mBEGIN[0m
  ↳ db/seeds.rb:10
  [1m[36mShark Exists (0.4ms)[0m  [1m[34mSELECT  1 AS one FROM "sharks" WHERE "sharks"."name" = $1 LIMIT $2[0m  [["name", "Hammerhead"], ["LIMIT", 1]]
  ↳ db/seeds.rb:10
  [1m[36mShark Create (0.5ms)[0m  [1m[32mINSERT INTO "sharks" ("name", "facts", "created_at", "updated_at") VALUES ($1, $2, $3, $4) RETURNING "id"[0m  [["name", "Hammerhead"], ["facts", "Hammer-like"], ["created_at", "2021-02-09 22:32:29.095614"], ["updated_at", "2021-02-09 22:32:29.095614"]]
  ↳ db/seeds.rb:10
  [1m[35m (0.7ms)[0m  [1m[35mCOMMIT[0m
  ↳ db/seeds.rb:10
  [1m[35m (0.3ms)[0m  [1m[35mBEGIN[0m
  ↳ db/seeds.rb:10
  [1m[36mShark Exists (0.5ms)[0m  [1m[34mSELECT  1 AS one FROM "sharks" WHERE "sharks"."name" = $1 LIMIT $2[0m  [["name", "Speartooth"], ["LIMIT", 1]]
  ↳ db/seeds.rb:10
  [1m[36mShark Create (0.4ms)[0m  [1m[32mINSERT INTO "sharks" ("name", "facts", "created_at", "updated_at") VALUES ($1, $2, $3, $4) RETURNING "id"[0m  [["name", "Speartooth"], ["facts", "Endangered"], ["created_at", "2021-02-09 22:32:29.102655"], ["updated_at", "2021-02-09 22:32:29.102655"]]
  ↳ db/seeds.rb:10
  [1m[35m (0.7ms)[0m  [1m[35mCOMMIT[0m
  ↳ db/seeds.rb:10
  [1m[35m (0.4ms)[0m  [1m[35mBEGIN[0m
  ↳ db/seeds.rb:11
  [1m[36mPost Create (0.7ms)[0m  [1m[32mINSERT INTO "posts" ("body", "shark_id", "created_at", "updated_at") VALUES ($1, $2, $3, $4) RETURNING "id"[0m  [["body", "These sharks are misunderstood"], ["shark_id", 1], ["created_at", "2021-02-09 22:32:29.126206"], ["updated_at", "2021-02-09 22:32:29.126206"]]
  ↳ db/seeds.rb:11
  [1m[35m (0.9ms)[0m  [1m[35mCOMMIT[0m
  ↳ db/seeds.rb:11
  [1m[35m (0.3ms)[0m  [1m[34mSELECT pg_try_advisory_lock(5466295435480968270)[0m
  ↳ /usr/local/bundle/bin/rake:23
  [1m[35m (0.4ms)[0m  [1m[34mSELECT "schema_migrations"."version" FROM "schema_migrations" ORDER BY "schema_migrations"."version" ASC[0m
  ↳ /usr/local/bundle/bin/rake:23
  [1m[36mActiveRecord::InternalMetadata Load (0.4ms)[0m  [1m[34mSELECT  "ar_internal_metadata".* FROM "ar_internal_metadata" WHERE "ar_internal_metadata"."key" = $1 LIMIT $2[0m  [["key", "environment"], ["LIMIT", 1]]
  ↳ /usr/local/bundle/bin/rake:23
  [1m[35m (0.2ms)[0m  [1m[35mBEGIN[0m
  ↳ /usr/local/bundle/bin/rake:23
  [1m[36mActiveRecord::InternalMetadata Update (0.4ms)[0m  [1m[33mUPDATE "ar_internal_metadata" SET "value" = $1, "updated_at" = $2 WHERE "ar_internal_metadata"."key" = $3[0m  [["value", "development"], ["updated_at", "2021-02-09 22:32:29.142904"], ["key", "environment"]]
  ↳ /usr/local/bundle/bin/rake:23
  [1m[35m (0.6ms)[0m  [1m[35mCOMMIT[0m
  ↳ /usr/local/bundle/bin/rake:23
  [1m[35m (0.3ms)[0m  [1m[34mSELECT pg_advisory_unlock(5466295435480968270)[0m
  ↳ /usr/local/bundle/bin/rake:23
  [1m[35m (0.3ms)[0m  [1m[34mSELECT "schema_migrations"."version" FROM "schema_migrations" ORDER BY "schema_migrations"."version" ASC[0m
  ↳ /usr/local/bundle/bin/rake:23
Started GET "/" for 192.168.192.1 at 2021-02-09 22:32:36 +0000
Cannot render console from 192.168.192.1! Allowed networks: 127.0.0.1, ::1, 127.0.0.0/127.255.255.255
  [1m[35m (0.7ms)[0m  [1m[34mSELECT "schema_migrations"."version" FROM "schema_migrations" ORDER BY "schema_migrations"."version" ASC[0m
  ↳ /usr/local/bundle/gems/activerecord-5.2.3/lib/active_record/log_subscriber.rb:98
Processing by HomeController#index as HTML
  Rendering home/index.html.erb within layouts/application
  Rendered home/index.html.erb within layouts/application (1.0ms)
  Rendered layouts/_navigation.html.erb (0.5ms)
Completed 200 OK in 1928ms (Views: 1903.2ms | ActiveRecord: 0.0ms)


Started GET "/" for 192.168.192.1 at 2021-02-09 22:32:48 +0000
Cannot render console from 192.168.192.1! Allowed networks: 127.0.0.1, ::1, 127.0.0.0/127.255.255.255
Processing by HomeController#index as HTML
  Rendering home/index.html.erb within layouts/application
  Rendered home/index.html.erb within layouts/application (0.6ms)
  Rendered layouts/_navigation.html.erb (0.5ms)
Completed 200 OK in 201ms (Views: 183.4ms | ActiveRecord: 0.0ms)


